<?xml version="1.0" encoding="UTF-8"?>
<testng-results skipped="0" failed="0" ignored="0" total="1" passed="1">
  <reporter-output>
  </reporter-output>
  <suite name="Default suite" duration-ms="96" started-at="2019-10-05T05:07:21Z" finished-at="2019-10-05T05:07:21Z">
    <groups>
    </groups>
    <test name="Default test" duration-ms="96" started-at="2019-10-05T05:07:21Z" finished-at="2019-10-05T05:07:21Z">
      <class name="testNG.Anotations">
        <test-method status="PASS" signature="test()[pri:0, instance:testNG.Anotations@3ffc5af1]" name="test" duration-ms="13" started-at="2019-10-05T05:07:21Z" finished-at="2019-10-05T05:07:21Z">
          <reporter-output>
          </reporter-output>
        </test-method> <!-- test -->
      </class> <!-- testNG.Anotations -->
    </test> <!-- Default test -->
  </suite> <!-- Default suite -->
</testng-results>
